<?xml version="1.0" encoding="UTF-8"?>
<testsuite xmlns:xsi="http://www.w3.org/2001/XMLSchema-instance" xsi:noNamespaceSchemaLocation="https://maven.apache.org/surefire/maven-surefire-plugin/xsd/surefire-test-report-3.0.xsd" version="3.0" name="com.jtspringproject.JtSpringProject.JtSpringProjectApplicationTests" time="6.091" tests="1" errors="0" skipped="0" failures="0">
  <properties>
[...]
</properties>
  <testcase name="contextLoads" classname="com.jtspringproject.JtSpringProject.JtSpringProjectApplicationTests" time="0.025">
    <system-out><![CDATA[22:34:03.241 [main] DEBUG org.springframework.test.context.BootstrapUtils - Instantiating CacheAwareContextLoaderDelegate from class [org.springframework.test.context.cache.DefaultCacheAwareContextLoaderDelegate]
22:34:03.244 [main] DEBUG org.springframework.test.context.BootstrapUtils - Instantiating BootstrapContext using constructor [public org.springframework.test.context.support.DefaultBootstrapContext(java.lang.Class,org.springframework.test.context.CacheAwareContextLoaderDelegate)]
22:34:03.258 [main] DEBUG org.springframework.test.context.BootstrapUtils - Instantiating TestContextBootstrapper for test class [com.jtspringproject.JtSpringProject.JtSpringProjectApplicationTests] from class [org.springframework.boot.test.context.SpringBootTestContextBootstrapper]
22:34:03.261 [main] INFO org.springframework.boot.test.context.SpringBootTestContextBootstrapper - Neither @ContextConfiguration nor @ContextHierarchy found for test class [com.jtspringproject.JtSpringProject.JtSpringProjectApplicationTests], using SpringBootContextLoader
22:34:03.263 [main] DEBUG org.springframework.test.context.support.AbstractContextLoader - Did not detect default resource location for test class [com.jtspringproject.JtSpringProject.JtSpringProjectApplicationTests]: class path resource [com/jtspringproject/JtSpringProject/JtSpringProjectApplicationTests-context.xml] does not exist
22:34:03.263 [main] DEBUG org.springframework.test.context.support.AbstractContextLoader - Did not detect default resource location for test class [com.jtspringproject.JtSpringProject.JtSpringProjectApplicationTests]: class path resource [com/jtspringproject/JtSpringProject/JtSpringProjectApplicationTestsContext.groovy] does not exist
22:34:03.263 [main] INFO org.springframework.test.context.support.AbstractContextLoader - Could not detect default resource locations for test class [com.jtspringproject.JtSpringProject.JtSpringProjectApplicationTests]: no resource found for suffixes {-context.xml, Context.groovy}.
22:34:03.263 [main] INFO org.springframework.test.context.support.AnnotationConfigContextLoaderUtils - Could not detect default configuration classes for test class [com.jtspringproject.JtSpringProject.JtSpringProjectApplicationTests]: JtSpringProjectApplicationTests does not declare any static, non-private, non-final, nested classes annotated with @Configuration.
22:34:03.279 [main] DEBUG org.springframework.test.context.support.ActiveProfilesUtils - Could not find an 'annotation declaring class' for annotation type [org.springframework.test.context.ActiveProfiles] and class [com.jtspringproject.JtSpringProject.JtSpringProjectApplicationTests]
22:34:03.299 [main] DEBUG org.springframework.context.annotation.ClassPathScanningCandidateComponentProvider - Identified candidate component class: file [/Users/shahwalikhan/Downloads/E-commerce-project-springBoot-master2/JtProject/target/classes/com/jtspringproject/JtSpringProject/JtSpringProjectApplication.class]
22:34:03.299 [main] INFO org.springframework.boot.test.context.SpringBootTestContextBootstrapper - Found @SpringBootConfiguration com.jtspringproject.JtSpringProject.JtSpringProjectApplication for test class com.jtspringproject.JtSpringProject.JtSpringProjectApplicationTests
22:34:03.328 [main] DEBUG org.springframework.boot.test.context.SpringBootTestContextBootstrapper - @TestExecutionListeners is not present for class [com.jtspringproject.JtSpringProject.JtSpringProjectApplicationTests]: using defaults.
22:34:03.328 [main] INFO org.springframework.boot.test.context.SpringBootTestContextBootstrapper - Loaded default TestExecutionListener class names from location [META-INF/spring.factories]: [org.springframework.boot.test.mock.mockito.MockitoTestExecutionListener, org.springframework.boot.test.mock.mockito.ResetMocksTestExecutionListener, org.springframework.boot.test.autoconfigure.restdocs.RestDocsTestExecutionListener, org.springframework.boot.test.autoconfigure.web.client.MockRestServiceServerResetTestExecutionListener, org.springframework.boot.test.autoconfigure.web.servlet.MockMvcPrintOnlyOnFailureTestExecutionListener, org.springframework.boot.test.autoconfigure.web.servlet.WebDriverTestExecutionListener, org.springframework.boot.test.autoconfigure.webservices.client.MockWebServiceServerTestExecutionListener, org.springframework.test.context.web.ServletTestExecutionListener, org.springframework.test.context.support.DirtiesContextBeforeModesTestExecutionListener, org.springframework.test.context.event.ApplicationEventsTestExecutionListener, org.springframework.test.context.support.DependencyInjectionTestExecutionListener, org.springframework.test.context.support.DirtiesContextTestExecutionListener, org.springframework.test.context.transaction.TransactionalTestExecutionListener, org.springframework.test.context.jdbc.SqlScriptsTestExecutionListener, org.springframework.test.context.event.EventPublishingTestExecutionListener]
22:34:03.334 [main] INFO org.springframework.boot.test.context.SpringBootTestContextBootstrapper - Using TestExecutionListeners: [org.springframework.test.context.web.ServletTestExecutionListener@539d019, org.springframework.test.context.support.DirtiesContextBeforeModesTestExecutionListener@39a2bb97, org.springframework.test.context.event.ApplicationEventsTestExecutionListener@3ad2e17, org.springframework.boot.test.mock.mockito.MockitoTestExecutionListener@8c3619e, org.springframework.boot.test.autoconfigure.SpringBootDependencyInjectionTestExecutionListener@4331d187, org.springframework.test.context.support.DirtiesContextTestExecutionListener@6f63b475, org.springframework.test.context.transaction.TransactionalTestExecutionListener@554e218, org.springframework.test.context.jdbc.SqlScriptsTestExecutionListener@1608bcbd, org.springframework.test.context.event.EventPublishingTestExecutionListener@5bf8fa12, org.springframework.boot.test.mock.mockito.ResetMocksTestExecutionListener@29ca3d04, org.springframework.boot.test.autoconfigure.restdocs.RestDocsTestExecutionListener@b2c5e07, org.springframework.boot.test.autoconfigure.web.client.MockRestServiceServerResetTestExecutionListener@5812f68b, org.springframework.boot.test.autoconfigure.web.servlet.MockMvcPrintOnlyOnFailureTestExecutionListener@4426bff1, org.springframework.boot.test.autoconfigure.web.servlet.WebDriverTestExecutionListener@3c7c886c, org.springframework.boot.test.autoconfigure.webservices.client.MockWebServiceServerTestExecutionListener@55493582]
22:34:03.335 [main] DEBUG org.springframework.test.context.support.AbstractDirtiesContextTestExecutionListener - Before test class: context [DefaultTestContext@5a1de7fb testClass = JtSpringProjectApplicationTests, testInstance = [null], testMethod = [null], testException = [null], mergedContextConfiguration = [WebMergedContextConfiguration@335b5620 testClass = JtSpringProjectApplicationTests, locations = '{}', classes = '{class com.jtspringproject.JtSpringProject.JtSpringProjectApplication}', contextInitializerClasses = '[]', activeProfiles = '{}', propertySourceLocations = '{}', propertySourceProperties = '{org.springframework.boot.test.context.SpringBootTestContextBootstrapper=true}', contextCustomizers = set[org.springframework.boot.test.context.filter.ExcludeFilterContextCustomizer@f09733f, org.springframework.boot.test.json.DuplicateJsonObjectContextCustomizerFactory$DuplicateJsonObjectContextCustomizer@2794eab6, org.springframework.boot.test.mock.mockito.MockitoContextCustomizer@0, org.springframework.boot.test.web.client.TestRestTemplateContextCustomizer@2a7f1f10, org.springframework.boot.test.autoconfigure.actuate.metrics.MetricsExportContextCustomizerFactory$DisableMetricExportContextCustomizer@54c5a2ff, org.springframework.boot.test.autoconfigure.properties.PropertyMappingContextCustomizer@0, org.springframework.boot.test.autoconfigure.web.servlet.WebDriverContextCustomizerFactory$Customizer@248e319b, org.springframework.boot.test.context.SpringBootTestArgs@1, org.springframework.boot.test.context.SpringBootTestWebEnvironment@2a70a3d8], resourceBasePath = 'src/main/webapp', contextLoader = 'org.springframework.boot.test.context.SpringBootContextLoader', parent = [null]], attributes = map['org.springframework.test.context.web.ServletTestExecutionListener.activateListener' -> true]], class annotated with @DirtiesContext [false] with mode [null].

  .   ____          _            __ _ _
 /\\ / ___'_ __ _ _(_)_ __  __ _ \ \ \ \
( ( )\___ | '_ | '_| | '_ \/ _` | \ \ \ \
 \\/  ___)| |_)| | | | | || (_| |  ) ) ) )
  '  |____| .__|_| |_|_| |_\__, | / / / /
 =========|_|==============|___/=/_/_/_/
 :: Spring Boot ::                (v2.6.4)

2023-12-08 22:34:03.463  INFO 3418 --- [           main] c.j.J.JtSpringProjectApplicationTests    : Starting JtSpringProjectApplicationTests using Java 21.0.1 on shahwalikhan.local with PID 3418 (started by shahwalikhan in /Users/shahwalikhan/Downloads/E-commerce-project-springBoot-master2/JtProject)
2023-12-08 22:34:03.463  INFO 3418 --- [           main] c.j.J.JtSpringProjectApplicationTests    : No active profile set, falling back to 1 default profile: "default"
2023-12-08 22:34:03.756  INFO 3418 --- [           main] .s.d.r.c.RepositoryConfigurationDelegate : Bootstrapping Spring Data JPA repositories in DEFAULT mode.
2023-12-08 22:34:03.763  INFO 3418 --- [           main] .s.d.r.c.RepositoryConfigurationDelegate : Finished Spring Data repository scanning in 3 ms. Found 0 JPA repository interfaces.
2023-12-08 22:34:03.947  INFO 3418 --- [           main] org.hibernate.Version                    : HHH000412: Hibernate ORM core version 5.6.5.Final
2023-12-08 22:34:05.160  INFO 3418 --- [           main] o.hibernate.annotations.common.Version   : HCANN000001: Hibernate Commons Annotations {5.1.2.Final}
2023-12-08 22:34:06.136  INFO 3418 --- [           main] org.hibernate.dialect.Dialect            : HHH000400: Using dialect: org.hibernate.dialect.MySQL5Dialect
Hibernate: alter table CART add constraint FKcr1444sx6d8cey6x2jge8uhkt foreign key (customer_id) references CUSTOMER (id)
Hibernate: alter table CART_PRODUCT add constraint FKnofqox67omk8ta913jms54dw4 foreign key (product_id) references PRODUCT (product_id)
Hibernate: alter table CART_PRODUCT add constraint FK6wwg0b4w0ujm6f0i7h3lil4ya foreign key (cart_id) references CART (id)
Hibernate: alter table PRODUCT add constraint FK7u438kvwr308xcwr4wbx36uiw foreign key (category_id) references CATEGORY (category_id)
Hibernate: alter table PRODUCT add constraint FKt23apo8r9s2hse1dkt95ig0w5 foreign key (customer_id) references CUSTOMER (id)
2023-12-08 22:34:08.861  INFO 3418 --- [           main] o.h.e.t.j.p.i.JtaPlatformInitiator       : HHH000490: Using JtaPlatform implementation: [org.hibernate.engine.transaction.jta.platform.internal.NoJtaPlatform]
2023-12-08 22:34:09.147  INFO 3418 --- [           main] o.s.b.a.w.s.WelcomePageHandlerMapping    : Adding welcome page template: index
2023-12-08 22:34:09.254  INFO 3418 --- [           main] c.j.J.JtSpringProjectApplicationTests    : Started JtSpringProjectApplicationTests in 5.904 seconds (JVM running for 6.354)
]]></system-out>
  </testcase>
</testsuite>